Log file open, 12/14/25 18:00:10
LogICUInternationalization: OS requested locale 'en_US' is not supported. Using the OS requested language of 'en-US' as the locale.
LogICUInternationalization: ICU TimeZone Detection - Raw Offset: +0:00, Platform Override: ''
LogConfig: No local boot hotfix file found at: [/home/gg/.config/Epic/CrashReportClient/Saved/PersistentDownloadDir/HotfixForNextBoot.txt]
LogInit: ExecutableName: CrashReportClientEditor
LogInit: Build: ++UE5+Release-5.6-CL-44394996
LogInit: Platform=Linux
LogInit: MachineId=cf6d930b3aa3461b96fdd17aa55709c3-000003e8
LogInit: DeviceId=
LogInit: Engine Version: 5.6.1-44394996+++UE5+Release-5.6
LogInit: Compatible Engine Version: 5.6.0-43139311+++UE5+Release-5.6
LogInit: Net CL: 43139311
LogInit: OS: Arch Linux (6.17.9-arch1-1), CPU: AMD Ryzen 5 5600H with Radeon Graphics, GPU: NVIDIA GeForce RTX 3060 Laptop GPU (NVIDIA UNIX Open Kernel Module for x86_64  580.105.08  Release Build  (root@))
LogInit: Compiled (64-bit): Jul 28 2025 20:56:39
LogInit: Architecture: x64
LogInit: Compiled with Clang: 18.1.0rc (github.com/llvm/llvm-project 461274b81d8641eab64d494accddc81d7db8a09e)
LogInit: Build Configuration: Shipping
LogInit: Branch Name: ++UE5+Release-5.6
LogInit: Command Line:  -Abslog="/home/gg/Documents/MscDGD/PJR/Proj1_v2/Saved/Logs/Proj1_v2-CRC.log" -Unattended "/home/gg/Documents/MscDGD/PJR/Proj1_v2/Saved/Crashes/ensureinfo-Proj1_v2-pid-13007-F3783001F3754ACB9CEADD400268CACF/"
LogInit: Base Directory: /opt/unreal-engine/Engine/Binaries/Linux/
LogInit: Allocator: Mimalloc
LogInit: Installed Engine Build: 1
LogInit: This binary is optimized with LTO: no, PGO: no, instrumented for PGO data collection: no
LogInit: Presizing for max 2097152 objects, including 1 objects not considered by GC.
LogInit: Object subsystem initialized
LogConfig: Applying CVar settings from Section [ConsoleVariables] File [Engine]
[2025.12.14-18.00.10:495][  0]LogInit: Unix hardware info:
[2025.12.14-18.00.10:495][  0]LogInit:  - we are the first instance of this executable
[2025.12.14-18.00.10:495][  0]LogInit:  - this process' id (pid) is 166162, parent process' id (ppid) is 13007
[2025.12.14-18.00.10:495][  0]LogInit:  - we are not running under debugger
[2025.12.14-18.00.10:495][  0]LogInit:  - machine network name is 'Arch-Nitro5-GG'
[2025.12.14-18.00.10:495][  0]LogInit:  - user name is 'gg' (gg)
[2025.12.14-18.00.10:495][  0]LogInit:  - we're logged in locally
[2025.12.14-18.00.10:495][  0]LogInit:  - we're running with rendering
[2025.12.14-18.00.10:495][  0]LogInit:  - CPU: AuthenticAMD 'AMD Ryzen 5 5600H with Radeon Graphics' (signature: 0xA50F00)
[2025.12.14-18.00.10:495][  0]LogInit:  - Number of physical cores available for the process: 6
[2025.12.14-18.00.10:495][  0]LogInit:  - Number of logical cores available for the process: 12
[2025.12.14-18.00.10:495][  0]LogInit:  - GPU Brand Info: NVIDIA GeForce RTX 3060 Laptop GPU (NVIDIA UNIX Open Kernel Module for x86_64  580.105.08  Release Build  (root@))
[2025.12.14-18.00.10:495][  0]LogInit:  - Memory allocator used: Mimalloc
[2025.12.14-18.00.10:495][  0]LogInit:  - This is an internal build.
[2025.12.14-18.00.10:495][  0]LogCore: Skipped benchmarking clocks because the engine is running in a standalone program mode - CLOCK_MONOTONIC will be used.
[2025.12.14-18.00.10:495][  0]LogInit: Unix-specific commandline switches:
[2025.12.14-18.00.10:495][  0]LogInit:  -ansimalloc - use malloc()/free() from libc (useful for tools like valgrind and electric fence)
[2025.12.14-18.00.10:495][  0]LogInit:  -jemalloc - use jemalloc for all memory allocation
[2025.12.14-18.00.10:495][  0]LogInit:  -binnedmalloc - use binned malloc  for all memory allocation
[2025.12.14-18.00.10:495][  0]LogInit:  -filemapcachesize=NUMBER - set the size for case-sensitive file mapping cache
[2025.12.14-18.00.10:495][  0]LogInit:  -useksm - uses kernel same-page mapping (KSM) for mapped memory (OFF)
[2025.12.14-18.00.10:495][  0]LogInit:  -ksmmergeall - marks all mmap'd memory pages suitable for KSM (OFF)
[2025.12.14-18.00.10:495][  0]LogInit:  -preloadmodulesymbols - Loads the main module symbols file into memory (OFF)
[2025.12.14-18.00.10:496][  0]LogInit:  -sigdfl=SIGNAL - Allows a specific signal to be set to its default handler rather then ignoring the signal
[2025.12.14-18.00.10:496][  0]LogInit:  -crashhandlerstacksize - Allows setting crash handler stack sizes (204800)
[2025.12.14-18.00.10:496][  0]LogInit:  -noexclusivelockonwrite - disables marking files created by the engine as exclusive locked while the engine has them opened
[2025.12.14-18.00.10:496][  0]LogInit:  -httpproxy=ADDRESS:PORT - redirects HTTP requests to a proxy (only supported if compiled with libcurl)
[2025.12.14-18.00.10:496][  0]LogInit:  -reuseconn - allow libcurl to reuse HTTP connections (only matters if compiled with libcurl)
[2025.12.14-18.00.10:496][  0]LogInit:  -virtmemkb=NUMBER - sets process virtual memory (address space) limit (overrides VirtualMemoryLimitInKB value from .ini)
[2025.12.14-18.00.10:496][  0]LogInit:  -allowsyscallfilterfile=PATH_TO_FILE - sets up a system call filter allow list. any invalid syscall in this list *will* cause a crash
[2025.12.14-18.00.10:496][  0]LogInit:  - Physical RAM available (not considering process quota): 15 GB (15333 MB, 15701352 KB, 16078184448 bytes)
[2025.12.14-18.00.10:496][  0]LogInit:  - VirtualMemoryAllocator pools will grow at scale 1
[2025.12.14-18.00.10:496][  0]LogInit:  - MemoryRangeDecommit() will be a no-op (re-run with -vmapoolevict to change)
[2025.12.14-18.00.10:496][  0]LogInit:  - PageSize 4096
[2025.12.14-18.00.10:496][  0]LogInit:  - BinnedPageSize 65536
[2025.12.14-18.00.10:503][  0]LogUObjectArray: 552 objects as part of root set at end of initial load.
[2025.12.14-18.00.10:503][  0]LogUObjectArray: 0 objects are not in the root set, but can never be destroyed because they are in the DisregardForGC set.
[2025.12.14-18.00.10:503][  0]LogUObjectArray: CloseDisregardForGC: 552/552 objects in disregard for GC pool
[2025.12.14-18.00.10:504][  0]LogInit: Using OS detected language (en-US).
[2025.12.14-18.00.10:504][  0]LogInit: Using OS detected locale (en-US).
[2025.12.14-18.00.10:507][  0]LogTextLocalizationManager: No specific localization for 'en-US' exists, so 'en' will be used for the language.
[2025.12.14-18.00.10:570][  0]LogInit: Using OS detected language (en-US).
[2025.12.14-18.00.10:570][  0]LogInit: Using OS detected locale (en-US).
[2025.12.14-18.00.10:570][  0]LogTextLocalizationManager: No localization for 'en-US' exists, so 'en' will be used for the language.
[2025.12.14-18.00.10:570][  0]LogTextLocalizationManager: No localization for 'en-US' exists, so 'en' will be used for the locale.
[2025.12.14-18.00.10:570][  0]LogPackageLocalizationCache: Processed 2 localized package path(s) for 1 prioritized culture(s) in 0.000047 seconds
[2025.12.14-18.00.10:603][  0]LogInit: Using libcurl 8.12.1
[2025.12.14-18.00.10:603][  0]LogInit:  - built for x86_64-unknown-linux-gnu
[2025.12.14-18.00.10:603][  0]LogInit:  - supports SSL with OpenSSL/1.1.1t
[2025.12.14-18.00.10:603][  0]LogInit:  - supports HTTP deflate (compression) using libz 1.3
[2025.12.14-18.00.10:603][  0]LogInit:  - other features:
[2025.12.14-18.00.10:603][  0]LogInit:      CURL_VERSION_SSL
[2025.12.14-18.00.10:603][  0]LogInit:      CURL_VERSION_LIBZ
[2025.12.14-18.00.10:603][  0]LogInit:      CURL_VERSION_IPV6
[2025.12.14-18.00.10:603][  0]LogInit:      CURL_VERSION_ASYNCHDNS
[2025.12.14-18.00.10:603][  0]LogInit:      CURL_VERSION_LARGEFILE
[2025.12.14-18.00.10:603][  0]LogInit:      CURL_VERSION_TLSAUTH_SRP
[2025.12.14-18.00.10:603][  0]LogInit:      CURL_VERSION_HTTP2
[2025.12.14-18.00.10:604][  0]LogInit:  CurlRequestOptions (configurable via config and command line):
[2025.12.14-18.00.10:604][  0]LogInit:  - bVerifyPeer = false  - Libcurl will NOT verify peer certificate
[2025.12.14-18.00.10:604][  0]LogInit:  - bUseHttpProxy = false  - Libcurl will NOT use HTTP proxy
[2025.12.14-18.00.10:604][  0]LogInit:  - bDontReuseConnections = false  - Libcurl will reuse connections
[2025.12.14-18.00.10:604][  0]LogInit:  - MaxHostConnections = 16  - Libcurl will limit the number of connections to a host
[2025.12.14-18.00.10:604][  0]LogInit:  - LocalHostAddr = Default
[2025.12.14-18.00.10:604][  0]LogInit:  - BufferSize = 65536
[2025.12.14-18.00.10:604][  0]LogInit: CreateHttpThread using FCurlMultiPollEventLoopHttpThread
[2025.12.14-18.00.10:604][  0]LogInit: Creating http thread with maximum 256 concurrent requests
[2025.12.14-18.00.10:605][  0]LogAnalytics: Display: [CrashReporter.Release] AnalyticsET::StartSession ( APIServer = https://datarouter.ol.epicgames.com/datarouter/api/v1/public/data. AppVersion = ++UE5+Release-5.6-CL-44394996 )
[2025.12.14-18.00.10:607][  0]CrashReportCoreLog: Display: Applying project settings from '/home/gg/Documents/MscDGD/PJR/Proj1_v2/Saved/Crashes/ensureinfo-Proj1_v2-pid-13007-F3783001F3754ACB9CEADD400268CACF/CrashReportClient.ini'.
[2025.12.14-18.00.10:607][  0]CrashReportCoreLog: CrashReportClientVersion=1.0
[2025.12.14-18.00.10:607][  0]CrashReportCoreLog: CrashReportReceiver disabled
[2025.12.14-18.00.10:607][  0]CrashReportCoreLog: DataRouterUrl: https://datarouter.ol.epicgames.com/datarouter/api/v1/public/data
[2025.12.14-18.00.10:608][  0]CrashReportCoreLog: Initial state = Unknown UploadState value
[2025.12.14-18.00.10:608][  0]CrashReportCoreLog: Initial state = Unknown UploadState value
[2025.12.14-18.00.10:608][  0]LogCrashDebugHelper: DepotName: //UE5/Release-5.6
[2025.12.14-18.00.10:608][  0]LogCrashDebugHelper: BuiltFromCL: 44394996
[2025.12.14-18.00.10:608][  0]LogCrashDebugHelper: EngineVersion: 5.6.1-44394996+++UE5+Release-5.6
[2025.12.14-18.00.10:608][  0]LogCrashDebugHelper: BuildVersion: ++UE5+Release-5.6-CL-44394996
[2025.12.14-18.00.11:581][  0]CrashReportCoreLog: Got 4 pending files to upload from 'ensureinfo-Proj1_v2-pid-13007-F3783001F3754ACB9CEADD400268CACF'
[2025.12.14-18.00.11:581][  0]CrashReportCoreLog: State change from Ready to SendingFiles
[2025.12.14-18.00.11:581][  0]CrashReportCoreLog: CompressAndSendData have 4 pending files
[2025.12.14-18.00.11:581][  0]CrashReportCoreLog: CompressAndSendData compressing 47224 bytes ('/home/gg/Documents/MscDGD/PJR/Proj1_v2/Saved/Crashes/ensureinfo-Proj1_v2-pid-13007-F3783001F3754ACB9CEADD400268CACF/CrashContext.runtime-xml')
[2025.12.14-18.00.11:581][  0]CrashReportCoreLog: CompressAndSendData compressing 256 bytes ('/home/gg/Documents/MscDGD/PJR/Proj1_v2/Saved/Crashes/ensureinfo-Proj1_v2-pid-13007-F3783001F3754ACB9CEADD400268CACF/CrashReportClient.ini')
[2025.12.14-18.00.11:582][  0]CrashReportCoreLog: CompressAndSendData compressing 3463808 bytes ('/home/gg/Documents/MscDGD/PJR/Proj1_v2/Saved/Crashes/ensureinfo-Proj1_v2-pid-13007-F3783001F3754ACB9CEADD400268CACF/Proj1_v2.log')
[2025.12.14-18.00.11:584][  0]CrashReportCoreLog: CompressAndSendData compressing 5373 bytes ('/home/gg/Documents/MscDGD/PJR/Proj1_v2/Saved/Crashes/ensureinfo-Proj1_v2-pid-13007-F3783001F3754ACB9CEADD400268CACF/Diagnostics.txt')
[2025.12.14-18.00.11:621][  0]CrashReportCoreLog: Sending HTTP request: https://datarouter.ol.epicgames.com/datarouter/api/v1/public/data?AppID=CrashReporter&AppVersion=5.6.1-44394996%2B%2B%2BUE5%2BRelease-5.6&AppEnvironment=Release&UploadType=crashreports&UserID=cf6d930b3aa3461b96fdd17aa55709c3-000003e8%7C%7Ccf6d930b3aa3461b96fdd17aa55709c3, Payload size: 315383
[2025.12.14-18.00.11:655][  0]LogHttp: Warning: 0x524ffd27700: request failed, libcurl error: 6 (Could not resolve hostname)
[2025.12.14-18.00.11:655][  0]LogHttp: Warning: 0x524ffd27700: libcurl info message cache 0 (Could not resolve host: datarouter.ol.epicgames.com)
[2025.12.14-18.00.11:655][  0]LogHttp: Warning: 0x524ffd27700: libcurl info message cache 1 (shutting down connection #0)
[2025.12.14-18.00.11:655][  0]LogHttp: Warning: 0x524ffd27700 POST https://datarouter.ol.epicgames.com/datarouter/api/v1/public/data?AppID=CrashReporter&AppVersion=5.6.1-44394996%2B%2B%2BUE5%2BRelease-5.6&AppEnvironment=Release&UploadType=crashreports&UserID=cf6d930b3aa3461b96fdd17aa55709c3-000003e8%7C%7Ccf6d930b3aa3461b96fdd17aa55709c3 completed with reason 'ConnectionError' after 0.01s
[2025.12.14-18.00.11:655][  0]CrashReportCoreLog: OnProcessRequestComplete(), State=SendingFiles Response=-1 ConnectedSuccesfully=0
[2025.12.14-18.00.11:655][  0]CrashReportCoreLog: Error: Failed to send crash report. Server returned error code 4294967295 (Unknown).
[2025.12.14-18.00.11:655][  0]CrashReportCoreLog: State change from SendingFiles to Cancelled
[2025.12.14-18.00.12:624][  0]CrashReportCoreLog: Final state (Receiver) = Cancelled
[2025.12.14-18.00.12:624][  0]CrashReportCoreLog: Final state (Receiver) = Unknown UploadState value
[2025.12.14-18.00.12:624][  0]LogAnalytics: Display: [CrashReporter.Release] AnalyticsET::EndSession
[2025.12.14-18.00.12:625][  0]LogCore: Engine exit requested (reason: CrashReportClientApp RequestExit)
[2025.12.14-18.00.12:625][  0]LogExit: Preparing to exit.
[2025.12.14-18.00.12:628][  0]LogExit: Object subsystem successfully closed.
[2025.12.14-18.00.12:629][  0]LogHttp: Warning: 0x524ffd27700: request failed, libcurl error: 6 (Could not resolve hostname)
[2025.12.14-18.00.12:629][  0]LogHttp: Warning: 0x524ffd27700: libcurl info message cache 0 (Could not resolve host: datarouter.ol.epicgames.com)
[2025.12.14-18.00.12:629][  0]LogHttp: Warning: 0x524ffd27700: libcurl info message cache 1 (shutting down connection #1)
[2025.12.14-18.00.12:629][  0]LogHttp: Warning: 0x524ffd27700 POST https://datarouter.ol.epicgames.com/datarouter/api/v1/public/data?SessionID=%7B59611BB4-9394-405B-9A00-7B976138F9DF%7D&AppID=CrashReporter.Release&AppVersion=%2B%2BUE5%2BRelease-5.6-CL-44394996&UserID=cf6d930b3aa3461b96fdd17aa55709c3-000003e8%7C%7Ccf6d930b3aa3461b96fdd17aa55709c3&AppEnvironment=datacollector-binary&UploadType=eteventstream completed with reason 'ConnectionError' after 0.00s
[2025.12.14-18.00.12:630][  0]LogPakFile: Destroying PakPlatformFile
[2025.12.14-18.00.12:630][  0]LogExit: Exiting.
[2025.12.14-18.00.12:644][  0]Log file closed, 12/14/25 18:00:12
